;  LST file generated by mikroListExporter - v.2.0 
; Date/Time: 04/05/2022 17:00:23
;----------------------------------------------

;Address Opcode 	ASM
0x0000	0x2803      	GOTO       3
_main:
;CODE_DOOR.c,16 :: 		void main() {
;CODE_DOOR.c,17 :: 		trisc=0; portc=0 ;            //define portc as output
0x0003	0x1683      	BSF        STATUS, 5
0x0004	0x1303      	BCF        STATUS, 6
0x0005	0x0187      	CLRF       TRISC
0x0006	0x1283      	BCF        STATUS, 5
0x0007	0x0187      	CLRF       PORTC
;CODE_DOOR.c,18 :: 		trisb=0x11; portb=0;    //define ports B0 to B4 as input
0x0008	0x3011      	MOVLW      17
0x0009	0x1683      	BSF        STATUS, 5
0x000A	0x0086      	MOVWF      TRISB
0x000B	0x1283      	BCF        STATUS, 5
0x000C	0x0186      	CLRF       PORTB
;CODE_DOOR.c,83 :: 		trisc=0; portc=0;
0x000D	0x1683      	BSF        STATUS, 5
0x000E	0x0187      	CLRF       TRISC
0x000F	0x1283      	BCF        STATUS, 5
0x0010	0x0187      	CLRF       PORTC
;CODE_DOOR.c,84 :: 		trisb=0b00000011; portb=0;
0x0011	0x3003      	MOVLW      3
0x0012	0x1683      	BSF        STATUS, 5
0x0013	0x0086      	MOVWF      TRISB
0x0014	0x1283      	BCF        STATUS, 5
0x0015	0x0186      	CLRF       PORTB
;CODE_DOOR.c,85 :: 		loop :
___main_loop:
;CODE_DOOR.c,86 :: 		if(inside_switch==0||outside_switch==0){
0x0016	0x1C06      	BTFSS      PORTB, 0
0x0017	0x281B      	GOTO       L__main12
0x0018	0x1C86      	BTFSS      PORTB, 1
0x0019	0x281B      	GOTO       L__main12
0x001A	0x2861      	GOTO       L_main2
L__main12:
;CODE_DOOR.c,87 :: 		garage_open=1;               //motor open garage
0x001B	0x1407      	BSF        PORTC, 0
;CODE_DOOR.c,88 :: 		for(i=0;i<20;i++){          //green led flash 20 s
0x001C	0x01A2      	CLRF       _i
L_main3:
0x001D	0x3014      	MOVLW      20
0x001E	0x0222      	SUBWF      _i, 0
0x001F	0x1803      	BTFSC      STATUS, 0
0x0020	0x2833      	GOTO       L_main4
;CODE_DOOR.c,89 :: 		led_green = ~led_green;
0x0021	0x3008      	MOVLW      8
0x0022	0x0687      	XORWF      PORTC, 1
;CODE_DOOR.c,90 :: 		delay_ms(1000);
0x0023	0x300B      	MOVLW      11
0x0024	0x00FB      	MOVWF      R11
0x0025	0x3026      	MOVLW      38
0x0026	0x00FC      	MOVWF      R12
0x0027	0x305D      	MOVLW      93
0x0028	0x00FD      	MOVWF      R13
L_main6:
0x0029	0x0BFD      	DECFSZ     R13, 1
0x002A	0x2829      	GOTO       L_main6
0x002B	0x0BFC      	DECFSZ     R12, 1
0x002C	0x2829      	GOTO       L_main6
0x002D	0x0BFB      	DECFSZ     R11, 1
0x002E	0x2829      	GOTO       L_main6
0x002F	0x0000      	NOP
0x0030	0x0000      	NOP
;CODE_DOOR.c,88 :: 		for(i=0;i<20;i++){          //green led flash 20 s
0x0031	0x0AA2      	INCF       _i, 1
;CODE_DOOR.c,91 :: 		}
0x0032	0x281D      	GOTO       L_main3
L_main4:
;CODE_DOOR.c,92 :: 		garage_open=0;
0x0033	0x1007      	BCF        PORTC, 0
;CODE_DOOR.c,93 :: 		led_green=1;                 //green led on
0x0034	0x1587      	BSF        PORTC, 3
;CODE_DOOR.c,94 :: 		led_red=1;                   //red led on
0x0035	0x1507      	BSF        PORTC, 2
;CODE_DOOR.c,95 :: 		delay_ms(30000);            //wait 30 s
0x0036	0x3002      	MOVLW      2
0x0037	0x00FA      	MOVWF      R10
0x0038	0x3031      	MOVLW      49
0x0039	0x00FB      	MOVWF      R11
0x003A	0x3062      	MOVLW      98
0x003B	0x00FC      	MOVWF      R12
0x003C	0x3045      	MOVLW      69
0x003D	0x00FD      	MOVWF      R13
L_main7:
0x003E	0x0BFD      	DECFSZ     R13, 1
0x003F	0x283E      	GOTO       L_main7
0x0040	0x0BFC      	DECFSZ     R12, 1
0x0041	0x283E      	GOTO       L_main7
0x0042	0x0BFB      	DECFSZ     R11, 1
0x0043	0x283E      	GOTO       L_main7
0x0044	0x0BFA      	DECFSZ     R10, 1
0x0045	0x283E      	GOTO       L_main7
;CODE_DOOR.c,96 :: 		garage_close=1;             //motor close garage
0x0046	0x1487      	BSF        PORTC, 1
;CODE_DOOR.c,97 :: 		led_green=0;                 //green led off
0x0047	0x1187      	BCF        PORTC, 3
;CODE_DOOR.c,98 :: 		for(i=0;i<20;i++){     //red led flash for 20s
0x0048	0x01A2      	CLRF       _i
L_main8:
0x0049	0x3014      	MOVLW      20
0x004A	0x0222      	SUBWF      _i, 0
0x004B	0x1803      	BTFSC      STATUS, 0
0x004C	0x285F      	GOTO       L_main9
;CODE_DOOR.c,99 :: 		led_red = ~led_red;
0x004D	0x3004      	MOVLW      4
0x004E	0x0687      	XORWF      PORTC, 1
;CODE_DOOR.c,100 :: 		delay_ms(1000);
0x004F	0x300B      	MOVLW      11
0x0050	0x00FB      	MOVWF      R11
0x0051	0x3026      	MOVLW      38
0x0052	0x00FC      	MOVWF      R12
0x0053	0x305D      	MOVLW      93
0x0054	0x00FD      	MOVWF      R13
L_main11:
0x0055	0x0BFD      	DECFSZ     R13, 1
0x0056	0x2855      	GOTO       L_main11
0x0057	0x0BFC      	DECFSZ     R12, 1
0x0058	0x2855      	GOTO       L_main11
0x0059	0x0BFB      	DECFSZ     R11, 1
0x005A	0x2855      	GOTO       L_main11
0x005B	0x0000      	NOP
0x005C	0x0000      	NOP
;CODE_DOOR.c,98 :: 		for(i=0;i<20;i++){     //red led flash for 20s
0x005D	0x0AA2      	INCF       _i, 1
;CODE_DOOR.c,101 :: 		}
0x005E	0x2849      	GOTO       L_main8
L_main9:
;CODE_DOOR.c,102 :: 		garage_close=0;     //motor stop closing
0x005F	0x1087      	BCF        PORTC, 1
;CODE_DOOR.c,103 :: 		led_red=0; //red led off
0x0060	0x1107      	BCF        PORTC, 2
;CODE_DOOR.c,105 :: 		}
L_main2:
;CODE_DOOR.c,106 :: 		goto loop;
0x0061	0x2816      	GOTO       ___main_loop
;CODE_DOOR.c,108 :: 		}
L_end_main:
0x0062	0x2862      	GOTO       $+0
; end of _main
Symbol List:
//** Routines locations **
//ADDRESS    SIZE    PROCEDURE
//----------------------------------------------
0x0003      [96]    _main
//** Variables locations ** 
//ADDRESS    SIZE    VARIABLE
//----------------------------------------------
0x0000       [1]    INDF
0x0003       [1]    STATUS
0x0004       [1]    FSR
0x0006       [1]    PORTB
0x0007       [1]    PORTC
0x000A       [1]    PCLATH
0x0020       [2]    ___DoICPAddr
0x0022       [1]    _i
0x0070       [1]    R0
0x0071       [1]    R1
0x0072       [1]    R2
0x0073       [1]    R3
0x0074       [1]    R4
0x0075       [1]    R5
0x0076       [1]    R6
0x0077       [1]    R7
0x0078       [1]    R8
0x0079       [1]    R9
0x007A       [1]    R10
0x007B       [1]    R11
0x007C       [1]    R12
0x007D       [1]    R13
0x007E       [1]    R14
0x007F       [1]    R15
0x0086       [1]    TRISB
0x0087       [1]    TRISC
